<?xml version="1.0" encoding="UTF-8"?>
<!-- Generated by org.testng.reporters.JUnitXMLReporter -->
<testsuite ignored="2" hostname="DESKTOP-E9GJR29" failures="0" tests="0" time="0.0" errors="0" timestamp="2024-07-14T23:35:09 IST">
  <testcase classname="sukajiparab.seleniumFrameworkDesign.submitOrderTest" name="submitOrder" time="0.0">
    <ignored/>
  </testcase> <!-- submitOrder -->
  <testcase classname="sukajiparab.seleniumFrameworkDesign.submitOrderTest" name="OrderHistoryTest" time="0.0">
    <ignored/>
  </testcase> <!-- OrderHistoryTest -->
</testsuite>
