<?xml version="1.0" encoding="UTF-8"?>
<!-- Generated by org.testng.reporters.JUnitXMLReporter -->
<testsuite ignored="1" hostname="DESKTOP-E9GJR29" failures="0" tests="1" name="Submit Order Test" time="7.038" errors="0" timestamp="2024-07-14T23:35:09 IST">
  <testcase classname="sukajiparab.seleniumFrameworkDesign.ErrorValidation" name="LoginValidation" time="0.997"/>
  <testcase classname="sukajiparab.seleniumFrameworkDesign.ErrorValidation" name="ProductErrorValidation" time="0.0">
    <ignored/>
  </testcase> <!-- ProductErrorValidation -->
</testsuite> <!-- Submit Order Test -->
