<?xml version="1.0" encoding="UTF-8"?>
<testng-results ignored="0" total="1" passed="1" failed="0" skipped="0">
  <reporter-output>
  </reporter-output>
  <suite started-at="2024-07-14T23:35:02 IST" name="Suite" finished-at="2024-07-14T23:35:09 IST" duration-ms="7080">
    <groups>
      <group name="rrorHandling">
        <method signature="ErrorValidation.LoginValidation()[pri:0, instance:sukajiparab.seleniumFrameworkDesign.ErrorValidation@5e0826e7]" name="LoginValidation" class="sukajiparab.seleniumFrameworkDesign.ErrorValidation"/>
      </group> <!-- rrorHandling -->
    </groups>
    <test started-at="2024-07-14T23:35:02 IST" name="Submit Order Test" finished-at="2024-07-14T23:35:09 IST" duration-ms="7038">
      <class name="sukajiparab.seleniumFrameworkDesign.ErrorValidation">
        <test-method is-config="true" signature="launchApplication()[pri:0, instance:sukajiparab.seleniumFrameworkDesign.ErrorValidation@5e0826e7]" started-at="2024-07-14T23:35:02 IST" name="launchApplication" finished-at="2024-07-14T23:35:08 IST" duration-ms="5785" status="PASS">
          <reporter-output>
          </reporter-output>
        </test-method> <!-- launchApplication -->
        <test-method signature="LoginValidation()[pri:0, instance:sukajiparab.seleniumFrameworkDesign.ErrorValidation@5e0826e7]" started-at="2024-07-14T23:35:08 IST" name="LoginValidation" finished-at="2024-07-14T23:35:09 IST" duration-ms="997" status="PASS">
          <reporter-output>
          </reporter-output>
        </test-method> <!-- LoginValidation -->
        <test-method is-config="true" signature="TearDown()[pri:0, instance:sukajiparab.seleniumFrameworkDesign.ErrorValidation@5e0826e7]" started-at="2024-07-14T23:35:09 IST" name="TearDown" finished-at="2024-07-14T23:35:09 IST" duration-ms="142" status="PASS">
          <reporter-output>
          </reporter-output>
        </test-method> <!-- TearDown -->
      </class> <!-- sukajiparab.seleniumFrameworkDesign.ErrorValidation -->
    </test> <!-- Submit Order Test -->
    <test started-at="2024-07-14T23:35:09 IST" name="Error Validation" finished-at="2024-07-14T23:35:09 IST" duration-ms="0">
    </test> <!-- Error Validation -->
  </suite> <!-- Suite -->
</testng-results>
